
Showing logs for build [32mcb-kubecd-environment-pr-205-13-vr7rx-1[0m stage [32mfrom-build-pack[0m and container [32mstep-credential-initializer-vcpkv[0m
{"level":"info","ts":1587408459.9270332,"logger":"fallback-logger","caller":"logging/config.go:69","msg":"Fetch GitHub commit ID from kodata failed: open /var/run/ko/refs/heads/0.8.0-ns-support: no such file or directory"}
{"level":"info","ts":1587408459.927723,"logger":"fallback-logger","caller":"creds-init/main.go:40","msg":"Credentials initialized."}

Showing logs for build [32mcb-kubecd-environment-pr-205-13-vr7rx-1[0m stage [32mfrom-build-pack[0m and container [32mstep-working-dir-initializer-8f58x[0m
{"level":"info","ts":1587408460.8633707,"logger":"fallback-logger","caller":"logging/config.go:69","msg":"Fetch GitHub commit ID from kodata failed: open /var/run/ko/HEAD: no such file or directory"}
{"level":"info","ts":1587408460.8653595,"logger":"fallback-logger","caller":"bash/main.go:64","msg":"Successfully executed command \"sh -c mkdir -p /workspace/source\"; output "}

Showing logs for build [32mcb-kubecd-environment-pr-205-13-vr7rx-1[0m stage [32mfrom-build-pack[0m and container [32mstep-place-tools[0m

Showing logs for build [32mcb-kubecd-environment-pr-205-13-vr7rx-1[0m stage [32mfrom-build-pack[0m and container [32mstep-git-source-cb-kubecd-environment-pr-205-13-vr7rx-6lcdt[0m
{"level":"info","ts":1587408464.956831,"logger":"fallback-logger","caller":"logging/config.go:69","msg":"Fetch GitHub commit ID from kodata failed: open /var/run/ko/refs/heads/0.8.0-ns-support: no such file or directory"}
{"level":"info","ts":1587408465.9839823,"logger":"fallback-logger","caller":"git/git.go:103","msg":"Successfully cloned https://github.com/cb-kubecd/environment-pr-205-133-boot-gke-production.git @ master in path /workspace/source"}

Showing logs for build [32mcb-kubecd-environment-pr-205-13-vr7rx-1[0m stage [32mfrom-build-pack[0m and container [32mstep-git-merge[0m
Using SHAs from PULL_REFS=master:596d93302abfe17c3c4e8a0c98526db875bfe6d9,1:d09ad03f1b45c64bf29ebb6b8cebb9cd6785b5e3
DEBUG: LC_ALL=C JX_LOG_LEVEL=error git fetch origin --unshallow d09ad03f1b45c64bf29ebb6b8cebb9cd6785b5e3: 596d93302abfe17c3c4e8a0c98526db875bfe6d9:
DEBUG: ran git fetch --unshallow origin d09ad03f1b45c64bf29ebb6b8cebb9cd6785b5e3: 596d93302abfe17c3c4e8a0c98526db875bfe6d9: in 
DEBUG: LC_ALL=C JX_LOG_LEVEL=error git branch
DEBUG: JX_LOG_LEVEL=error LC_ALL=C git checkout master
DEBUG: ran git checkout master in 
DEBUG: LC_ALL=C JX_LOG_LEVEL=error git reset --hard 596d93302abfe17c3c4e8a0c98526db875bfe6d9
DEBUG: ran git reset --hard 596d93302abfe17c3c4e8a0c98526db875bfe6d9 in 
DEBUG: JX_LOG_LEVEL=error LC_ALL=C git clean -fd .
DEBUG: ran clean --force -d . in 
DEBUG: LC_ALL=C JX_LOG_LEVEL=error git merge d09ad03f1b45c64bf29ebb6b8cebb9cd6785b5e3
DEBUG: ran git merge d09ad03f1b45c64bf29ebb6b8cebb9cd6785b5e3 in 
DEBUG: LC_ALL=C JX_LOG_LEVEL=error git log --format=%H%x1f%an%x1f%ae%x1f%cn%x1f%ce%x1f%s%n%b%x1e 596d93302abfe17c3c4e8a0c98526db875bfe6d9..HEAD
Merged SHA d09ad03f1b45c64bf29ebb6b8cebb9cd6785b5e3 with commit message 'chore: Promote bdd-spring-1587407490 to version 0.0.1' into base branch master

Showing logs for build [32mcb-kubecd-environment-pr-205-13-vr7rx-1[0m stage [32mfrom-build-pack[0m and container [32mstep-build-helm-build[0m
WARNING: No $CHART_REPOSITORY defined so using the default value of: http://jenkins-x-chartmuseum:8080
Adding missing Helm repo: storage.googleapis.com https://storage.googleapis.com/chartmuseum.jenkins-x.io
WARNING: No secrets found on "helm/repos" due: reading the secret "helm/repos" from vault: no secret "helm/repos" not found in vault
Read credentials for https://storage.googleapis.com/chartmuseum.jenkins-x.io from vault helm/repos
Successfully added Helm repository storage.googleapis.com.
Adding missing Helm repo: jenkins-x-chartmuseum http://jenkins-x-chartmuseum:8080
WARNING: No secrets found on "helm/repos" due: reading the secret "helm/repos" from vault: no secret "helm/repos" not found in vault
Read credentials for http://jenkins-x-chartmuseum:8080 from vault helm/repos
Successfully added Helm repository jenkins-x-chartmuseum.
WARNING: No $CHART_REPOSITORY defined so using the default value of: http://jenkins-x-chartmuseum:8080
Adding missing Helm repo: chartmuseum.jenkins-x.io http://chartmuseum.jenkins-x.io
WARNING: No secrets found on "helm/repos" due: reading the secret "helm/repos" from vault: no secret "helm/repos" not found in vault
Read credentials for http://chartmuseum.jenkins-x.io from vault helm/repos
Successfully added Helm repository chartmuseum.jenkins-x.io.
